<?xml version="1.0" encoding="UTF-8"?>
<coverage generated="1508619046544" clover="3.2.0">
  <project timestamp="1508619046544" name="All files">
    <metrics statements="22" coveredstatements="22" conditionals="17" coveredconditionals="17" methods="2" coveredmethods="2" elements="41" coveredelements="41" complexity="0" loc="22" ncloc="22" packages="1" files="1" classes="1">
      <file name="input.js" path="/Users/julian/Projects/thesis/create-baqend-graphql-server/src/schema/codegen/field/input.js">
        <metrics statements="22" coveredstatements="22" conditionals="17" coveredconditionals="17" methods="2" coveredmethods="2"/>
        <line num="10" count="1" type="stmt"/>
        <line num="11" count="17" type="stmt"/>
        <line num="12" count="17" type="cond" truecount="2" falsecount="0"/>
        <line num="13" count="9" type="stmt"/>
        <line num="14" count="9" type="cond" truecount="2" falsecount="0"/>
        <line num="15" count="4" type="stmt"/>
        <line num="16" count="4" type="stmt"/>
        <line num="17" count="4" type="cond" truecount="4" falsecount="0"/>
        <line num="18" count="2" type="stmt"/>
        <line num="22" count="4" type="stmt"/>
        <line num="26" count="5" type="stmt"/>
        <line num="27" count="5" type="cond" truecount="2" falsecount="0"/>
        <line num="28" count="2" type="stmt"/>
        <line num="32" count="5" type="stmt"/>
        <line num="36" count="8" type="cond" truecount="2" falsecount="0"/>
        <line num="37" count="1" type="stmt"/>
        <line num="40" count="1" type="stmt"/>
        <line num="43" count="7" type="cond" truecount="2" falsecount="0"/>
        <line num="44" count="1" type="stmt"/>
        <line num="48" count="6" type="stmt"/>
        <line num="52" count="17" type="stmt"/>
        <line num="55" count="17" type="stmt"/>
      </file>
    </metrics>
  </project>
</coverage>
