<?xml version="1.0" encoding="UTF-8"?>
<coverage generated="1508622978322" clover="3.2.0">
  <project timestamp="1508622978322" name="All files">
    <metrics statements="20" coveredstatements="20" conditionals="11" coveredconditionals="10" methods="7" coveredmethods="7" elements="38" coveredelements="37" complexity="0" loc="20" ncloc="20" packages="1" files="2" classes="2">
      <file name="connections.js" path="/Users/julian/Projects/thesis/create-baqend-graphql-server/src/schema/codegen/object/connections.js">
        <metrics statements="7" coveredstatements="7" conditionals="2" coveredconditionals="2" methods="2" coveredmethods="2"/>
        <line num="10" count="1" type="stmt"/>
        <line num="11" count="2" type="stmt"/>
        <line num="12" count="2" type="cond" truecount="2" falsecount="0"/>
        <line num="13" count="1" type="stmt"/>
        <line num="20" count="1" type="stmt"/>
        <line num="27" count="2" type="stmt"/>
        <line num="30" count="2" type="stmt"/>
      </file>
      <file name="type.js" path="/Users/julian/Projects/thesis/create-baqend-graphql-server/src/schema/codegen/object/type.js">
        <metrics statements="13" coveredstatements="13" conditionals="9" coveredconditionals="8" methods="5" coveredmethods="5"/>
        <line num="6" count="1" type="stmt"/>
        <line num="14" count="3" type="stmt"/>
        <line num="15" count="3" type="cond" truecount="2" falsecount="0"/>
        <line num="17" count="3" type="cond" truecount="4" falsecount="0"/>
        <line num="18" count="1" type="stmt"/>
        <line num="20" count="1" type="stmt"/>
        <line num="21" count="1" type="stmt"/>
        <line num="24" count="1" type="stmt"/>
        <line num="26" count="2" type="stmt"/>
        <line num="28" count="2" type="stmt"/>
        <line num="31" count="2" type="stmt"/>
        <line num="33" count="3" type="stmt"/>
        <line num="43" count="3" type="stmt"/>
      </file>
    </metrics>
  </project>
</coverage>
