{"/Users/julian/Projects/thesis/create-baqend-graphql-server/src/schema/codegen/object/connections.js": {"path":"/Users/julian/Projects/thesis/create-baqend-graphql-server/src/schema/codegen/object/connections.js","statementMap":{"0":{"start":{"line":10,"column":14},"end":{"line":28,"column":1}},"1":{"start":{"line":11,"column":22},"end":{"line":11,"column":24}},"2":{"start":{"line":12,"column":2},"end":{"line":26,"column":3}},"3":{"start":{"line":13,"column":4},"end":{"line":19,"column":6}},"4":{"start":{"line":20,"column":4},"end":{"line":25,"column":6}},"5":{"start":{"line":27,"column":2},"end":{"line":27,"column":20}},"6":{"start":{"line":30,"column":42},"end":{"line":30,"column":69}},"7":{"start":{"line":30,"column":58},"end":{"line":30,"column":69}}},"fnMap":{"0":{"name":"(anonymous_0)","decl":{"start":{"line":10,"column":14},"end":{"line":10,"column":15}},"loc":{"start":{"line":10,"column":44},"end":{"line":28,"column":1}},"line":10},"1":{"name":"(anonymous_1)","decl":{"start":{"line":30,"column":42},"end":{"line":30,"column":43}},"loc":{"start":{"line":30,"column":58},"end":{"line":30,"column":69}},"line":30}},"branchMap":{"0":{"loc":{"start":{"line":12,"column":2},"end":{"line":26,"column":3}},"type":"if","locations":[{"start":{"line":12,"column":2},"end":{"line":26,"column":3}},{"start":{"line":12,"column":2},"end":{"line":26,"column":3}}],"line":12}},"s":{"0":1,"1":2,"2":2,"3":1,"4":1,"5":2,"6":1,"7":2},"f":{"0":2,"1":2},"b":{"0":[1,1]},"_coverageSchema":"332fd63041d2c1bcb487cc26dd0d5f7d97098a6c","hash":"0608e10833f8a49c062e71fcc4bbbbc05afbe51c"}
,"/Users/julian/Projects/thesis/create-baqend-graphql-server/src/schema/codegen/object/type.js": {"path":"/Users/julian/Projects/thesis/create-baqend-graphql-server/src/schema/codegen/object/type.js","statementMap":{"0":{"start":{"line":6,"column":14},"end":{"line":34,"column":1}},"1":{"start":{"line":14,"column":22},"end":{"line":14,"column":24}},"2":{"start":{"line":15,"column":21},"end":{"line":15,"column":52}},"3":{"start":{"line":17,"column":2},"end":{"line":32,"column":3}},"4":{"start":{"line":18,"column":23},"end":{"line":23,"column":5}},"5":{"start":{"line":20,"column":36},"end":{"line":20,"column":41}},"6":{"start":{"line":21,"column":30},"end":{"line":21,"column":35}},"7":{"start":{"line":24,"column":4},"end":{"line":24,"column":32}},"8":{"start":{"line":26,"column":23},"end":{"line":30,"column":5}},"9":{"start":{"line":28,"column":30},"end":{"line":28,"column":35}},"10":{"start":{"line":31,"column":4},"end":{"line":31,"column":32}},"11":{"start":{"line":33,"column":2},"end":{"line":33,"column":20}},"12":{"start":{"line":43,"column":38},"end":{"line":43,"column":65}},"13":{"start":{"line":43,"column":54},"end":{"line":43,"column":65}}},"fnMap":{"0":{"name":"(anonymous_0)","decl":{"start":{"line":6,"column":14},"end":{"line":6,"column":15}},"loc":{"start":{"line":13,"column":6},"end":{"line":34,"column":1}},"line":13},"1":{"name":"(anonymous_1)","decl":{"start":{"line":20,"column":27},"end":{"line":20,"column":28}},"loc":{"start":{"line":20,"column":36},"end":{"line":20,"column":41}},"line":20},"2":{"name":"(anonymous_2)","decl":{"start":{"line":21,"column":21},"end":{"line":21,"column":22}},"loc":{"start":{"line":21,"column":30},"end":{"line":21,"column":35}},"line":21},"3":{"name":"(anonymous_3)","decl":{"start":{"line":28,"column":21},"end":{"line":28,"column":22}},"loc":{"start":{"line":28,"column":30},"end":{"line":28,"column":35}},"line":28},"4":{"name":"(anonymous_4)","decl":{"start":{"line":43,"column":38},"end":{"line":43,"column":39}},"loc":{"start":{"line":43,"column":54},"end":{"line":43,"column":65}},"line":43}},"branchMap":{"0":{"loc":{"start":{"line":15,"column":21},"end":{"line":15,"column":52}},"type":"cond-expr","locations":[{"start":{"line":15,"column":32},"end":{"line":15,"column":43}},{"start":{"line":15,"column":46},"end":{"line":15,"column":52}}],"line":15},"1":{"loc":{"start":{"line":17,"column":2},"end":{"line":32,"column":3}},"type":"if","locations":[{"start":{"line":17,"column":2},"end":{"line":32,"column":3}},{"start":{"line":17,"column":2},"end":{"line":32,"column":3}}],"line":17},"2":{"loc":{"start":{"line":17,"column":6},"end":{"line":17,"column":28}},"type":"binary-expr","locations":[{"start":{"line":17,"column":6},"end":{"line":17,"column":15}},{"start":{"line":17,"column":19},"end":{"line":17,"column":28}}],"line":17},"3":{"loc":{"start":{"line":19,"column":45},"end":{"line":19,"column":76}},"type":"binary-expr","locations":[{"start":{"line":19,"column":46},"end":{"line":19,"column":52}},{"start":{"line":19,"column":56},"end":{"line":19,"column":69}},{"start":{"line":19,"column":74},"end":{"line":19,"column":76}}],"line":19}},"s":{"0":1,"1":3,"2":3,"3":3,"4":1,"5":1,"6":1,"7":1,"8":2,"9":2,"10":2,"11":3,"12":1,"13":3},"f":{"0":3,"1":1,"2":1,"3":2,"4":3},"b":{"0":[1,2],"1":[1,2],"2":[3,2],"3":[1,1,0]},"_coverageSchema":"332fd63041d2c1bcb487cc26dd0d5f7d97098a6c","hash":"fc8920ec2466197b2a82b1fa4358afaa2fbd18a5"}
}
