{"/Users/julian/Projects/thesis/create-baqend-graphql-server/src/schema/codegen/field/input.js": {"path":"/Users/julian/Projects/thesis/create-baqend-graphql-server/src/schema/codegen/field/input.js","statementMap":{"0":{"start":{"line":10,"column":14},"end":{"line":53,"column":1}},"1":{"start":{"line":11,"column":22},"end":{"line":11,"column":24}},"2":{"start":{"line":12,"column":2},"end":{"line":51,"column":3}},"3":{"start":{"line":13,"column":31},"end":{"line":13,"column":42}},"4":{"start":{"line":14,"column":4},"end":{"line":35,"column":5}},"5":{"start":{"line":15,"column":22},"end":{"line":15,"column":42}},"6":{"start":{"line":16,"column":24},"end":{"line":16,"column":44}},"7":{"start":{"line":17,"column":6},"end":{"line":21,"column":7}},"8":{"start":{"line":18,"column":8},"end":{"line":20,"column":10}},"9":{"start":{"line":22,"column":6},"end":{"line":24,"column":8}},"10":{"start":{"line":26,"column":24},"end":{"line":26,"column":44}},"11":{"start":{"line":27,"column":6},"end":{"line":31,"column":7}},"12":{"start":{"line":28,"column":8},"end":{"line":30,"column":10}},"13":{"start":{"line":32,"column":6},"end":{"line":34,"column":8}},"14":{"start":{"line":36,"column":9},"end":{"line":51,"column":3}},"15":{"start":{"line":37,"column":4},"end":{"line":39,"column":6}},"16":{"start":{"line":40,"column":4},"end":{"line":42,"column":6}},"17":{"start":{"line":43,"column":9},"end":{"line":51,"column":3}},"18":{"start":{"line":44,"column":4},"end":{"line":46,"column":6}},"19":{"start":{"line":48,"column":4},"end":{"line":50,"column":6}},"20":{"start":{"line":52,"column":2},"end":{"line":52,"column":20}},"21":{"start":{"line":55,"column":38},"end":{"line":55,"column":65}},"22":{"start":{"line":55,"column":54},"end":{"line":55,"column":65}}},"fnMap":{"0":{"name":"(anonymous_0)","decl":{"start":{"line":10,"column":14},"end":{"line":10,"column":15}},"loc":{"start":{"line":10,"column":52},"end":{"line":53,"column":1}},"line":10},"1":{"name":"(anonymous_1)","decl":{"start":{"line":55,"column":38},"end":{"line":55,"column":39}},"loc":{"start":{"line":55,"column":54},"end":{"line":55,"column":65}},"line":55}},"branchMap":{"0":{"loc":{"start":{"line":12,"column":2},"end":{"line":51,"column":3}},"type":"if","locations":[{"start":{"line":12,"column":2},"end":{"line":51,"column":3}},{"start":{"line":12,"column":2},"end":{"line":51,"column":3}}],"line":12},"1":{"loc":{"start":{"line":14,"column":4},"end":{"line":35,"column":5}},"type":"if","locations":[{"start":{"line":14,"column":4},"end":{"line":35,"column":5}},{"start":{"line":14,"column":4},"end":{"line":35,"column":5}}],"line":14},"2":{"loc":{"start":{"line":17,"column":6},"end":{"line":21,"column":7}},"type":"if","locations":[{"start":{"line":17,"column":6},"end":{"line":21,"column":7}},{"start":{"line":17,"column":6},"end":{"line":21,"column":7}}],"line":17},"3":{"loc":{"start":{"line":17,"column":10},"end":{"line":17,"column":82}},"type":"binary-expr","locations":[{"start":{"line":17,"column":10},"end":{"line":17,"column":43}},{"start":{"line":17,"column":47},"end":{"line":17,"column":82}}],"line":17},"4":{"loc":{"start":{"line":27,"column":6},"end":{"line":31,"column":7}},"type":"if","locations":[{"start":{"line":27,"column":6},"end":{"line":31,"column":7}},{"start":{"line":27,"column":6},"end":{"line":31,"column":7}}],"line":27},"5":{"loc":{"start":{"line":33,"column":44},"end":{"line":33,"column":95}},"type":"binary-expr","locations":[{"start":{"line":33,"column":45},"end":{"line":33,"column":77}},{"start":{"line":33,"column":81},"end":{"line":33,"column":88}},{"start":{"line":33,"column":93},"end":{"line":33,"column":95}}],"line":33},"6":{"loc":{"start":{"line":36,"column":9},"end":{"line":51,"column":3}},"type":"if","locations":[{"start":{"line":36,"column":9},"end":{"line":51,"column":3}},{"start":{"line":36,"column":9},"end":{"line":51,"column":3}}],"line":36},"7":{"loc":{"start":{"line":43,"column":9},"end":{"line":51,"column":3}},"type":"if","locations":[{"start":{"line":43,"column":9},"end":{"line":51,"column":3}},{"start":{"line":43,"column":9},"end":{"line":51,"column":3}}],"line":43}},"s":{"0":1,"1":17,"2":17,"3":9,"4":9,"5":4,"6":4,"7":4,"8":2,"9":4,"10":5,"11":5,"12":2,"13":5,"14":8,"15":1,"16":1,"17":7,"18":1,"19":6,"20":17,"21":1,"22":17},"f":{"0":17,"1":17},"b":{"0":[9,8],"1":[4,5],"2":[2,2],"3":[4,3],"4":[2,3],"5":[5,3,2],"6":[1,7],"7":[1,6]},"_coverageSchema":"332fd63041d2c1bcb487cc26dd0d5f7d97098a6c","hash":"bb4d7d14cebd6ecba9503036447697e17cb4fbb8"}
}
