TN:
SF:/Users/julian/Projects/thesis/create-baqend-graphql-server/src/schema/codegen/field/type.js
FN:10,(anonymous_0)
FN:68,(anonymous_1)
FNF:2
FNH:2
FNDA:13,(anonymous_0)
FNDA:13,(anonymous_1)
DA:3,1
DA:10,1
DA:11,13
DA:12,13
DA:14,9
DA:15,9
DA:16,4
DA:17,4
DA:18,4
DA:21,5
DA:22,5
DA:23,5
DA:24,5
DA:25,2
DA:26,2
DA:27,1
DA:29,2
DA:33,3
DA:34,3
DA:35,1
DA:37,2
DA:39,3
DA:44,9
DA:47,4
DA:48,1
DA:52,3
DA:56,4
DA:58,13
DA:68,13
LF:29
LH:29
BRDA:12,0,0,9
BRDA:12,0,1,4
BRDA:15,1,0,4
BRDA:15,1,1,5
BRDA:21,2,0,5
BRDA:21,2,1,0
BRDA:21,3,0,5
BRDA:21,3,1,2
BRDA:24,4,0,2
BRDA:24,4,1,3
BRDA:26,5,0,1
BRDA:26,5,1,1
BRDA:34,6,0,1
BRDA:34,6,1,2
BRDA:47,7,0,1
BRDA:47,7,1,3
BRF:16
BRH:15
end_of_record
TN:
SF:/Users/julian/Projects/thesis/create-baqend-graphql-server/src/schema/codegen/object/type.js
FN:6,(anonymous_0)
FN:20,(anonymous_1)
FN:21,(anonymous_2)
FN:28,(anonymous_3)
FN:43,(anonymous_4)
FNF:5
FNH:5
FNDA:3,(anonymous_0)
FNDA:1,(anonymous_1)
FNDA:1,(anonymous_2)
FNDA:2,(anonymous_3)
FNDA:3,(anonymous_4)
DA:6,1
DA:14,3
DA:15,3
DA:17,3
DA:18,1
DA:20,1
DA:21,1
DA:24,1
DA:26,2
DA:28,2
DA:31,2
DA:33,3
DA:43,3
LF:13
LH:13
BRDA:15,0,0,1
BRDA:15,0,1,2
BRDA:17,1,0,1
BRDA:17,1,1,2
BRDA:17,2,0,3
BRDA:17,2,1,2
BRDA:19,3,0,1
BRDA:19,3,1,1
BRDA:19,3,2,0
BRF:9
BRH:8
end_of_record
