TN:
SF:/Users/julian/Projects/thesis/create-baqend-graphql-server/src/schema/codegen/field/input.js
FN:10,(anonymous_0)
FN:55,(anonymous_1)
FNF:2
FNH:2
FNDA:17,(anonymous_0)
FNDA:17,(anonymous_1)
DA:10,1
DA:11,17
DA:12,17
DA:13,9
DA:14,9
DA:15,4
DA:16,4
DA:17,4
DA:18,2
DA:22,4
DA:26,5
DA:27,5
DA:28,2
DA:32,5
DA:36,8
DA:37,1
DA:40,1
DA:43,7
DA:44,1
DA:48,6
DA:52,17
DA:55,17
LF:22
LH:22
BRDA:12,0,0,9
BRDA:12,0,1,8
BRDA:14,1,0,4
BRDA:14,1,1,5
BRDA:17,2,0,2
BRDA:17,2,1,2
BRDA:17,3,0,4
BRDA:17,3,1,3
BRDA:27,4,0,2
BRDA:27,4,1,3
BRDA:33,5,0,5
BRDA:33,5,1,3
BRDA:33,5,2,2
BRDA:36,6,0,1
BRDA:36,6,1,7
BRDA:43,7,0,1
BRDA:43,7,1,6
BRF:17
BRH:17
end_of_record
